2016-11-03 14:24:49,957 DEBUG start: ExcelTestDriver.runTest
2016-11-03 14:24:49,987 DEBUG start: ExcelColumnFixture.dosheets
2016-11-03 14:24:49,989 DEBUG start: ExcelColumnFixture.doSheet
2016-11-03 14:24:50,109 DEBUG start: ExcelColumnFixture.doRows
2016-11-03 14:24:50,109 DEBUG start processHeads: apifixture.TempleteFixture
2016-11-03 14:24:50,109 DEBUG content_type rowpos: 5
2016-11-03 14:24:50,109 DEBUG auth rowpos: 5
2016-11-03 14:24:50,109 DEBUG argCounts rowpos: 5
2016-11-03 14:24:50,111 DEBUG beforeTest rowpos: 6
2016-11-03 14:24:50,111 DEBUG note rowpos: 7
2016-11-03 14:24:50,111 DEBUG end processHeads: apifixture.TempleteFixture
2016-11-03 14:24:50,111 DEBUG content:  application/json
2016-11-03 14:24:50,387 DEBUG token is  "ea07459d292f4a1a987e86d483d992af"
2016-11-03 14:24:50,388 DEBUG start getHeads: apifixture.TempleteFixture
2016-11-03 14:24:50,388 DEBUG end getHeads: apifixture.TempleteFixture
2016-11-03 14:24:50,388 DEBUG start getHeads: apifixture.TempleteFixture
2016-11-03 14:24:50,388 DEBUG heads: [u'testCaseId', u'filepath', u'needSavePreResults', 'test()']
2016-11-03 14:24:50,388 DEBUG start: ExcelColumnFixture.doCells
2016-11-03 14:24:50,388 DEBUG start: ExcelColumnFixture.doCell
2016-11-03 14:24:50,388 DEBUG end: ExcelColumnFixture.doCell
2016-11-03 14:24:50,388 DEBUG start: ExcelColumnFixture.doCell
2016-11-03 14:24:50,390 DEBUG end: ExcelColumnFixture.doCell
2016-11-03 14:24:50,390 DEBUG start: ExcelColumnFixture.doCell
2016-11-03 14:24:50,390 DEBUG end: ExcelColumnFixture.doCell
2016-11-03 14:24:50,390 DEBUG start: ExcelColumnFixture.doCell
2016-11-03 14:24:50,390 DEBUG start: ExcelColumnFixture.check
2016-11-03 14:24:50,390 DEBUG start runTest: apifixture.TempleteFixture
2016-11-03 14:24:50,391 DEBUG start test: apifixture.TempleteFixture
2016-11-03 14:24:50,391 DEBUG start getParamlist: apifixture.TempleteFixture
2016-11-03 14:24:50,391 DEBUG initBeforeTest:  "ea07459d292f4a1a987e86d483d992af"
2016-11-03 14:24:50,391 DEBUG testCaseId: 1
2016-11-03 14:24:50,415 DEBUG start setDynamicUrlPath: apifixture.TempleteFixture
2016-11-03 14:24:50,417 DEBUG end setDynamicUrlPath: apifixture.TempleteFixture
2016-11-03 14:24:50,418 DEBUG end test: apifixture.TempleteFixture
2016-11-03 14:24:50,418 DEBUG start savePreResultInfo: apifixture.TempleteFixture
2016-11-03 14:24:50,418 DEBUG start savePreResultInfo: {"error":"not a valid non-string sequence or mapping object"}
2016-11-03 14:24:50,418 DEBUG respDict:  {'error': 'not a valid non-string sequence or mapping object'}
2016-11-03 14:24:50,420 DEBUG needSavePreResults:  {"token":"*\w+"}
2016-11-03 14:24:50,420 DEBUG needSavePreResultDict:  {'token': '*\\w+'}
2016-11-03 14:24:50,420 ERROR nothing to repeat,
2016-11-03 14:24:50,420 DEBUG end savePreResultInfo: apifixture.TempleteFixture
2016-11-03 14:24:50,421 DEBUG preResultInfo
2016-11-03 14:24:50,421 ERROR strToDict exception, ,invalid syntax (<string>, line 1)
2016-11-03 14:24:50,421 ERROR data is, ,"data":\d{16}
2016-11-03 14:24:50,421 DEBUG end runTest: apifixture.TempleteFixture
2016-11-03 14:24:50,423 DEBUG end: ExcelColumnFixture.check
2016-11-03 14:24:50,423 DEBUG end: ExcelColumnFixture.doCell
2016-11-03 14:24:50,423 DEBUG end: ExcelColumnFixture.doCells
2016-11-03 14:24:50,423 DEBUG start genHtmlfile: apifixture.TempleteFixture
2016-11-03 14:24:50,424 DEBUG end genHtmlfile: apifixture.TempleteFixture
2016-11-03 14:24:50,424 DEBUG start genHtmlfile: apifixture.TempleteFixture
2016-11-03 14:24:50,424 DEBUG end genHtmlfile: apifixture.TempleteFixture
2016-11-03 14:24:50,424 DEBUG end: ExcelColumnFixture.doRows
2016-11-03 14:24:50,424 DEBUG end: ExcelColumnFixture.doSheet
2016-11-03 14:24:50,426 DEBUG start makeSummaryReport: fixture.ExcelColumnFixture
2016-11-03 14:24:50,426 DEBUG end makeSummaryReport: fixture.ExcelColumnFixture
2016-11-03 14:24:50,426 DEBUG end: ExcelColumnFixture.dosheets
2016-11-03 14:24:50,479 DEBUG end: ExcelTestDriver.runTest
